<?xml version="1.0" encoding="UTF-8" ?>
<testsuite tests="5" failures="0" name="StockServiceTest" time="0.007" errors="0" skipped="0">
  <properties>
[...]
</properties>
  <testcase classname="StockServiceTest" name="testGetStockName" time="0.003"/>
  <testcase classname="StockServiceTest" name="testGetBestStock" time="0"/>
  <testcase classname="StockServiceTest" name="testInsertStockClosingPrice" time="0"/>
  <testcase classname="StockServiceTest" name="testGetStockClosingPrice" time="0.004"/>
  <testcase classname="StockServiceTest" name="testGetStockIdList" time="0"/>
</testsuite>